<?xml version="1.0" encoding="UTF-8"?>
<!-- Generated by org.testng.reporters.JUnitXMLReporter -->
<testsuite ignored="1" hostname="LAPTOP-DFDTRN2Q" failures="0" tests="1" name="Default test" time="9.742" errors="0" timestamp="2022-04-26T12:53:16 IST">
  <testcase classname="Groups.Grouptest2" name="flogoTest" time="3.648"/>
  <testcase classname="Groups.Grouptest2" name="facebookTitleTest" time="0.0">
    <ignored/>
  </testcase> <!-- facebookTitleTest -->
</testsuite> <!-- Default test -->
