<?xml version="1.0" encoding="UTF-8"?>
<testng-results ignored="2" total="4" passed="2" failed="0" skipped="0">
  <reporter-output>
  </reporter-output>
  <suite started-at="2022-04-26T13:05:53 IST" name="Suite" finished-at="2022-04-26T13:06:11 IST" duration-ms="18225">
    <groups>
      <group name="unitTest">
        <method signature="grouptest1.glogoTest()[pri:2, instance:Groups.grouptest1@7205765b]" name="glogoTest" class="Groups.grouptest1"/>
        <method signature="grouptest2.flogoTest()[pri:2, instance:Groups.grouptest2@272113c4]" name="flogoTest" class="Groups.grouptest2"/>
      </group> <!-- unitTest -->
    </groups>
    <test started-at="2022-04-26T13:05:53 IST" name="Google logo Test" finished-at="2022-04-26T13:06:04 IST" duration-ms="11001">
      <class name="Groups.grouptest1">
        <test-method signature="glogoTest()[pri:2, instance:Groups.grouptest1@7205765b]" started-at="2022-04-26T13:05:53 IST" name="glogoTest" finished-at="2022-04-26T13:06:04 IST" duration-ms="10953" status="PASS">
          <reporter-output>
          </reporter-output>
        </test-method> <!-- glogoTest -->
      </class> <!-- Groups.grouptest1 -->
    </test> <!-- Google logo Test -->
    <test started-at="2022-04-26T13:06:04 IST" name="facebook logo Test" finished-at="2022-04-26T13:06:11 IST" duration-ms="7155">
      <class name="Groups.grouptest2">
        <test-method signature="flogoTest()[pri:2, instance:Groups.grouptest2@272113c4]" started-at="2022-04-26T13:06:04 IST" name="flogoTest" finished-at="2022-04-26T13:06:11 IST" duration-ms="7151" status="PASS">
          <reporter-output>
          </reporter-output>
        </test-method> <!-- flogoTest -->
      </class> <!-- Groups.grouptest2 -->
    </test> <!-- facebook logo Test -->
  </suite> <!-- Suite -->
</testng-results>
