<?xml version="1.0" encoding="UTF-8"?>
<!-- Generated by org.testng.reporters.JUnitXMLReporter -->
<testsuite ignored="1" hostname="LAPTOP-DFDTRN2Q" failures="0" tests="1" name="facebook logo Test" time="7.155" errors="0" timestamp="2022-04-26T13:06:11 IST">
  <testcase classname="Groups.grouptest2" name="flogoTest" time="7.151"/>
  <testcase classname="Groups.grouptest2" name="facebookTitleTest" time="0.0">
    <ignored/>
  </testcase> <!-- facebookTitleTest -->
</testsuite> <!-- facebook logo Test -->
