<?xml version="1.0" encoding="UTF-8"?>
<!-- Generated by org.testng.reporters.JUnitXMLReporter -->
<testsuite ignored="1" hostname="LAPTOP-DFDTRN2Q" failures="0" tests="1" name="Google logo Test" time="11.001" errors="0" timestamp="2022-04-26T13:06:04 IST">
  <testcase classname="Groups.grouptest1" name="glogoTest" time="10.953"/>
  <testcase classname="Groups.grouptest1" name="googleTitleTest" time="0.0">
    <ignored/>
  </testcase> <!-- googleTitleTest -->
</testsuite> <!-- Google logo Test -->
